INFO 2023-10-16 16:22:21,915 autoreload Watching for file changes with StatReloader
INFO 2023-10-16 16:23:07,417 models Ingredients: 'Rice, Vegetables', Length: 16
INFO 2023-10-16 16:23:07,550 models Ingredients: 'Lettuce, Dressing', Length: 17
INFO 2023-10-16 16:23:07,558 models Ingredients: 'Rice, Chicken, Vegetables', Length: 25
INFO 2023-10-16 16:23:07,566 models Ingredients: 'Bread, Syrup, Powdered Sugar', Length: 28
INFO 2023-10-16 16:23:07,573 models Ingredients: 'English Muffins, Ham, Eggs', Length: 26
INFO 2023-10-16 16:23:07,582 models Ingredients: 'Eggs, Salt, Pepper', Length: 18
INFO 2023-10-16 16:23:07,589 models Ingredients: 'Assorted Fruit, Cookies', Length: 23
INFO 2023-10-16 16:23:07,597 models Ingredients: 'Salmon, Seasoning, Butter, Milk', Length: 31
INFO 2023-10-16 16:23:07,605 models Ingredients: 'Octopus', Length: 7
INFO 2023-10-16 16:23:07,613 models Ingredients: 'Cherries, Syrup, Pancake', Length: 24
INFO 2023-10-16 16:23:07,621 models Ingredients: 'Ramen Noodles, Oil, Soy Sauce, Green Onions, Pepper', Length: 51
INFO 2023-10-16 16:23:07,628 models Ingredients: 'Oats, Milk, Chocolate Chips', Length: 27
INFO 2023-10-16 16:23:07,636 models Ingredients: 'Shaved Ice, Flavoring', Length: 21
INFO 2023-10-16 16:23:07,646 models Ingredients: 'Green Peppers, Ground Chicken, Salt, Pepper', Length: 43
INFO 2023-10-16 16:23:07,654 models Ingredients: 'Eggs, Water, Powdered Sugar, Oil, Chocolate', Length: 43
INFO 2023-10-16 16:23:07,661 models Ingredients: 'Strawberries, Sugar, Butter, Vanilla', Length: 36
INFO 2023-10-16 16:24:17,370 models Ingredients: 'Rice, Vegetables', Length: 16
INFO 2023-10-16 16:24:17,411 models Ingredients: 'Rice, Vegetables', Length: 16
INFO 2023-10-16 16:24:19,580 models Ingredients: 'Rice, Vegetables', Length: 16
INFO 2023-10-16 16:24:19,586 models Ingredients: 'Rice, Vegetables', Length: 16
INFO 2023-10-16 16:24:19,657 models Ingredients: 'Rice, Vegetables', Length: 16
INFO 2023-10-16 16:24:19,665 models Ingredients: 'Lettuce, Dressing', Length: 17
INFO 2023-10-16 16:24:19,672 models Ingredients: 'Rice, Chicken, Vegetables', Length: 25
INFO 2023-10-16 16:24:19,679 models Ingredients: 'Bread, Syrup, Powdered Sugar', Length: 28
INFO 2023-10-16 16:24:19,687 models Ingredients: 'English Muffins, Ham, Eggs', Length: 26
INFO 2023-10-16 16:24:19,694 models Ingredients: 'Eggs, Salt, Pepper', Length: 18
INFO 2023-10-16 16:24:19,701 models Ingredients: 'Assorted Fruit, Cookies', Length: 23
INFO 2023-10-16 16:24:19,709 models Ingredients: 'Salmon, Seasoning, Butter, Milk', Length: 31
INFO 2023-10-16 16:24:19,716 models Ingredients: 'Octopus', Length: 7
INFO 2023-10-16 16:24:19,724 models Ingredients: 'Cherries, Syrup, Pancake', Length: 24
INFO 2023-10-16 16:24:19,731 models Ingredients: 'Ramen Noodles, Oil, Soy Sauce, Green Onions, Pepper', Length: 51
INFO 2023-10-16 16:24:19,738 models Ingredients: 'Oats, Milk, Chocolate Chips', Length: 27
INFO 2023-10-16 16:24:19,746 models Ingredients: 'Shaved Ice, Flavoring', Length: 21
INFO 2023-10-16 16:24:19,753 models Ingredients: 'Green Peppers, Ground Chicken, Salt, Pepper', Length: 43
INFO 2023-10-16 16:24:19,761 models Ingredients: 'Eggs, Water, Powdered Sugar, Oil, Chocolate', Length: 43
INFO 2023-10-16 16:24:19,768 models Ingredients: 'Strawberries, Sugar, Butter, Vanilla', Length: 36
INFO 2023-10-16 16:25:44,510 autoreload C:\code\projects\A2_Recipe_App\src\recipes\models.py changed, reloading.
INFO 2023-10-16 16:25:45,148 autoreload Watching for file changes with StatReloader
INFO 2023-10-16 16:26:14,756 autoreload Watching for file changes with StatReloader
INFO 2023-10-16 16:26:18,205 models Ingredients: 'Rice, Vegetables', Length: 16
INFO 2023-10-16 16:26:18,205 models Recipe difficulty for Ricey Greens: Medium
INFO 2023-10-16 16:26:18,206 models Ingredients: 'Lettuce, Dressing', Length: 17
INFO 2023-10-16 16:26:18,206 models Recipe difficulty for Salad: Medium
INFO 2023-10-16 16:26:18,206 models Ingredients: 'Rice, Chicken, Vegetables', Length: 25
INFO 2023-10-16 16:26:18,206 models Recipe difficulty for Chicken Bowl: Hard
INFO 2023-10-16 16:26:18,206 models Ingredients: 'Bread, Syrup, Powdered Sugar', Length: 28
INFO 2023-10-16 16:26:18,206 models Recipe difficulty for French Toast: Medium
INFO 2023-10-16 16:26:18,207 models Ingredients: 'English Muffins, Ham, Eggs', Length: 26
INFO 2023-10-16 16:26:18,207 models Recipe difficulty for Breakfast Sandwich: Hard
INFO 2023-10-16 16:26:18,207 models Ingredients: 'Eggs, Salt, Pepper', Length: 18
INFO 2023-10-16 16:26:18,207 models Recipe difficulty for Eggs: Hard
INFO 2023-10-16 16:26:18,207 models Ingredients: 'Assorted Fruit, Cookies', Length: 23
INFO 2023-10-16 16:26:18,207 models Recipe difficulty for Fruit Cookies: Hard
INFO 2023-10-16 16:26:18,208 models Ingredients: 'Salmon, Seasoning, Butter, Milk', Length: 31
INFO 2023-10-16 16:26:18,208 models Recipe difficulty for Buttered Salmon: Hard
INFO 2023-10-16 16:26:18,208 models Ingredients: 'Octopus', Length: 7
INFO 2023-10-16 16:26:18,208 models Recipe difficulty for Octopus: Hard
INFO 2023-10-16 16:26:18,209 models Ingredients: 'Cherries, Syrup, Pancake', Length: 24
INFO 2023-10-16 16:26:18,209 models Recipe difficulty for Cherry Pancakes: Hard
INFO 2023-10-16 16:26:18,209 models Ingredients: 'Ramen Noodles, Oil, Soy Sauce, Green Onions, Pepper', Length: 51
INFO 2023-10-16 16:26:18,209 models Recipe difficulty for Garlic Noodles: Hard
INFO 2023-10-16 16:26:18,209 models Ingredients: 'Oats, Milk, Chocolate Chips', Length: 27
INFO 2023-10-16 16:26:18,209 models Recipe difficulty for Oatmeal: Medium
INFO 2023-10-16 16:26:18,210 models Ingredients: 'Shaved Ice, Flavoring', Length: 21
INFO 2023-10-16 16:26:18,210 models Recipe difficulty for Snow Cones: Medium
INFO 2023-10-16 16:26:18,210 models Ingredients: 'Green Peppers, Ground Chicken, Salt, Pepper', Length: 43
INFO 2023-10-16 16:26:18,210 models Recipe difficulty for Chicken Fried Rice: Hard
INFO 2023-10-16 16:26:18,210 models Ingredients: 'Eggs, Water, Powdered Sugar, Oil, Chocolate', Length: 43
INFO 2023-10-16 16:26:18,210 models Recipe difficulty for Brownies: Hard
INFO 2023-10-16 16:26:18,211 models Ingredients: 'Strawberries, Sugar, Butter, Vanilla', Length: 36
INFO 2023-10-16 16:26:18,211 models Recipe difficulty for Strawberry Cake: Hard
INFO 2023-10-16 16:26:24,990 models Ingredients: 'Rice, Vegetables', Length: 16
INFO 2023-10-16 16:26:24,990 models Recipe difficulty for Ricey Greens: Medium
INFO 2023-10-16 16:26:24,997 models Ingredients: 'Rice, Vegetables', Length: 16
INFO 2023-10-16 16:26:24,997 models Recipe difficulty for Ricey Greens: Medium
INFO 2023-10-16 16:26:27,000 models Ingredients: 'Rice, Vegetables', Length: 16
INFO 2023-10-16 16:26:27,000 models Recipe difficulty for Ricey Greens: Medium
INFO 2023-10-16 16:26:27,002 models Ingredients: 'Rice, Vegetables', Length: 16
INFO 2023-10-16 16:26:27,002 models Recipe difficulty for Ricey Greens: Medium
INFO 2023-10-16 16:26:27,057 models Ingredients: 'Rice, Vegetables', Length: 16
INFO 2023-10-16 16:26:27,057 models Recipe difficulty for Ricey Greens: Medium
INFO 2023-10-16 16:26:27,057 models Ingredients: 'Lettuce, Dressing', Length: 17
INFO 2023-10-16 16:26:27,057 models Recipe difficulty for Salad: Medium
INFO 2023-10-16 16:26:27,058 models Ingredients: 'Rice, Chicken, Vegetables', Length: 25
INFO 2023-10-16 16:26:27,058 models Recipe difficulty for Chicken Bowl: Hard
INFO 2023-10-16 16:26:27,058 models Ingredients: 'Bread, Syrup, Powdered Sugar', Length: 28
INFO 2023-10-16 16:26:27,058 models Recipe difficulty for French Toast: Medium
INFO 2023-10-16 16:26:27,059 models Ingredients: 'English Muffins, Ham, Eggs', Length: 26
INFO 2023-10-16 16:26:27,059 models Recipe difficulty for Breakfast Sandwich: Hard
INFO 2023-10-16 16:26:27,059 models Ingredients: 'Eggs, Salt, Pepper', Length: 18
INFO 2023-10-16 16:26:27,059 models Recipe difficulty for Eggs: Hard
INFO 2023-10-16 16:26:27,059 models Ingredients: 'Assorted Fruit, Cookies', Length: 23
INFO 2023-10-16 16:26:27,059 models Recipe difficulty for Fruit Cookies: Hard
INFO 2023-10-16 16:26:27,060 models Ingredients: 'Salmon, Seasoning, Butter, Milk', Length: 31
INFO 2023-10-16 16:26:27,060 models Recipe difficulty for Buttered Salmon: Hard
INFO 2023-10-16 16:26:27,060 models Ingredients: 'Octopus', Length: 7
INFO 2023-10-16 16:26:27,060 models Recipe difficulty for Octopus: Hard
INFO 2023-10-16 16:26:27,060 models Ingredients: 'Cherries, Syrup, Pancake', Length: 24
INFO 2023-10-16 16:26:27,060 models Recipe difficulty for Cherry Pancakes: Hard
INFO 2023-10-16 16:26:27,061 models Ingredients: 'Ramen Noodles, Oil, Soy Sauce, Green Onions, Pepper', Length: 51
INFO 2023-10-16 16:26:27,061 models Recipe difficulty for Garlic Noodles: Hard
INFO 2023-10-16 16:26:27,061 models Ingredients: 'Oats, Milk, Chocolate Chips', Length: 27
INFO 2023-10-16 16:26:27,061 models Recipe difficulty for Oatmeal: Medium
INFO 2023-10-16 16:26:27,061 models Ingredients: 'Shaved Ice, Flavoring', Length: 21
INFO 2023-10-16 16:26:27,062 models Recipe difficulty for Snow Cones: Medium
INFO 2023-10-16 16:26:27,062 models Ingredients: 'Green Peppers, Ground Chicken, Salt, Pepper', Length: 43
INFO 2023-10-16 16:26:27,062 models Recipe difficulty for Chicken Fried Rice: Hard
INFO 2023-10-16 16:26:27,062 models Ingredients: 'Eggs, Water, Powdered Sugar, Oil, Chocolate', Length: 43
INFO 2023-10-16 16:26:27,062 models Recipe difficulty for Brownies: Hard
INFO 2023-10-16 16:26:27,063 models Ingredients: 'Strawberries, Sugar, Butter, Vanilla', Length: 36
INFO 2023-10-16 16:26:27,063 models Recipe difficulty for Strawberry Cake: Hard
INFO 2023-10-16 16:30:07,375 autoreload C:\code\projects\A2_Recipe_App\src\recipes\models.py changed, reloading.
INFO 2023-10-16 16:30:08,029 autoreload Watching for file changes with StatReloader
INFO 2023-10-16 16:30:14,486 autoreload C:\code\projects\A2_Recipe_App\src\recipes\models.py changed, reloading.
INFO 2023-10-16 16:30:15,144 autoreload Watching for file changes with StatReloader
INFO 2023-10-16 16:30:19,513 autoreload C:\code\projects\A2_Recipe_App\src\recipes\models.py changed, reloading.
INFO 2023-10-16 16:30:20,120 autoreload Watching for file changes with StatReloader
INFO 2023-10-16 16:30:23,397 models Recipe difficulty for Chicken Bowl: Intermediate
INFO 2023-10-16 16:30:23,397 models Recipe difficulty for Breakfast Sandwich: Intermediate
INFO 2023-10-16 16:30:23,398 models Recipe difficulty for Eggs: Intermediate
INFO 2023-10-16 16:30:23,398 models Recipe difficulty for Fruit Cookies: Intermediate
INFO 2023-10-16 16:30:23,398 models Recipe difficulty for Buttered Salmon: Hard
INFO 2023-10-16 16:30:23,399 models Recipe difficulty for Octopus: Intermediate
INFO 2023-10-16 16:30:23,399 models Recipe difficulty for Cherry Pancakes: Intermediate
INFO 2023-10-16 16:30:23,399 models Recipe difficulty for Garlic Noodles: Hard
INFO 2023-10-16 16:30:23,400 models Recipe difficulty for Chicken Fried Rice: Hard
INFO 2023-10-16 16:30:23,400 models Recipe difficulty for Brownies: Hard
INFO 2023-10-16 16:30:23,401 models Recipe difficulty for Strawberry Cake: Hard
INFO 2023-10-16 16:30:30,150 models Recipe difficulty for Chicken Bowl: Intermediate
INFO 2023-10-16 16:30:30,150 models Recipe difficulty for Breakfast Sandwich: Intermediate
INFO 2023-10-16 16:30:30,151 models Recipe difficulty for Eggs: Intermediate
INFO 2023-10-16 16:30:30,151 models Recipe difficulty for Fruit Cookies: Intermediate
INFO 2023-10-16 16:30:30,151 models Recipe difficulty for Buttered Salmon: Hard
INFO 2023-10-16 16:30:30,152 models Recipe difficulty for Octopus: Intermediate
INFO 2023-10-16 16:30:30,152 models Recipe difficulty for Cherry Pancakes: Intermediate
INFO 2023-10-16 16:30:30,152 models Recipe difficulty for Garlic Noodles: Hard
INFO 2023-10-16 16:30:30,153 models Recipe difficulty for Chicken Fried Rice: Hard
INFO 2023-10-16 16:30:30,153 models Recipe difficulty for Brownies: Hard
INFO 2023-10-16 16:30:30,154 models Recipe difficulty for Strawberry Cake: Hard
INFO 2023-10-16 16:32:46,542 models Recipe difficulty for Medium Recipe: Intermediate
INFO 2023-10-16 16:36:20,910 models Recipe difficulty for Intermediate Recipe: Intermediate
INFO 2023-10-16 16:36:20,910 models Recipe difficulty for Hard Recipe: Hard
INFO 2023-10-16 16:36:49,731 models Recipe difficulty for Intermediate Recipe: Intermediate
INFO 2023-10-16 16:36:49,731 models Recipe difficulty for Hard Recipe: Hard
INFO 2023-10-16 16:37:24,743 models Recipe difficulty for Ricey Greens: Intermediate
INFO 2023-10-16 16:37:24,744 models Recipe difficulty for Ricey Greens: Intermediate
INFO 2023-10-16 16:37:24,797 models Recipe difficulty for Ricey Greens: Intermediate
INFO 2023-10-16 16:37:24,797 models Recipe difficulty for Chicken Bowl: Intermediate
INFO 2023-10-16 16:37:24,798 models Recipe difficulty for Breakfast Sandwich: Intermediate
INFO 2023-10-16 16:37:24,798 models Recipe difficulty for Eggs: Intermediate
INFO 2023-10-16 16:37:24,798 models Recipe difficulty for Fruit Cookies: Intermediate
INFO 2023-10-16 16:37:24,799 models Recipe difficulty for Buttered Salmon: Hard
INFO 2023-10-16 16:37:24,799 models Recipe difficulty for Octopus: Intermediate
INFO 2023-10-16 16:37:24,799 models Recipe difficulty for Cherry Pancakes: Intermediate
INFO 2023-10-16 16:37:24,800 models Recipe difficulty for Garlic Noodles: Hard
INFO 2023-10-16 16:37:24,801 models Recipe difficulty for Chicken Fried Rice: Hard
INFO 2023-10-16 16:37:24,801 models Recipe difficulty for Brownies: Hard
INFO 2023-10-16 16:37:24,802 models Recipe difficulty for Strawberry Cake: Hard
INFO 2023-10-16 16:37:32,353 models Recipe difficulty for Ricey Greens: Intermediate
INFO 2023-10-16 16:37:32,355 models Recipe difficulty for Ricey Greens: Intermediate
INFO 2023-10-16 16:38:03,390 models Recipe difficulty for Chicken Bowl: Intermediate
INFO 2023-10-16 16:38:03,391 models Recipe difficulty for Breakfast Sandwich: Intermediate
INFO 2023-10-16 16:38:03,391 models Recipe difficulty for Eggs: Intermediate
INFO 2023-10-16 16:38:03,392 models Recipe difficulty for Fruit Cookies: Intermediate
INFO 2023-10-16 16:38:03,393 models Recipe difficulty for Buttered Salmon: Hard
INFO 2023-10-16 16:38:03,393 models Recipe difficulty for Octopus: Intermediate
INFO 2023-10-16 16:38:03,393 models Recipe difficulty for Cherry Pancakes: Intermediate
INFO 2023-10-16 16:38:03,394 models Recipe difficulty for Garlic Noodles: Hard
INFO 2023-10-16 16:38:03,395 models Recipe difficulty for Chicken Fried Rice: Hard
INFO 2023-10-16 16:38:03,395 models Recipe difficulty for Brownies: Hard
INFO 2023-10-16 16:38:03,395 models Recipe difficulty for Strawberry Cake: Hard
INFO 2023-10-16 16:38:13,739 models Recipe difficulty for Ricey Greens: Intermediate
INFO 2023-10-16 16:38:13,741 models Recipe difficulty for Ricey Greens: Intermediate
INFO 2023-10-16 16:38:13,795 models Recipe difficulty for Ricey Greens: Intermediate
INFO 2023-10-16 16:38:13,795 models Recipe difficulty for Chicken Bowl: Intermediate
INFO 2023-10-16 16:38:13,796 models Recipe difficulty for Breakfast Sandwich: Intermediate
INFO 2023-10-16 16:38:13,796 models Recipe difficulty for Eggs: Intermediate
INFO 2023-10-16 16:38:13,796 models Recipe difficulty for Fruit Cookies: Intermediate
INFO 2023-10-16 16:38:13,797 models Recipe difficulty for Buttered Salmon: Hard
INFO 2023-10-16 16:38:13,797 models Recipe difficulty for Octopus: Intermediate
INFO 2023-10-16 16:38:13,797 models Recipe difficulty for Cherry Pancakes: Intermediate
INFO 2023-10-16 16:38:13,798 models Recipe difficulty for Garlic Noodles: Hard
INFO 2023-10-16 16:38:13,799 models Recipe difficulty for Chicken Fried Rice: Hard
INFO 2023-10-16 16:38:13,799 models Recipe difficulty for Brownies: Hard
INFO 2023-10-16 16:38:13,799 models Recipe difficulty for Strawberry Cake: Hard
INFO 2023-10-16 16:38:14,937 models Recipe difficulty for Ricey Greens: Intermediate
INFO 2023-10-16 16:38:14,939 models Recipe difficulty for Ricey Greens: Intermediate
INFO 2023-10-16 16:38:23,650 models Recipe difficulty for Ricey Greens: Hard
INFO 2023-10-16 16:38:23,651 models Recipe difficulty for Ricey Greens: Hard
INFO 2023-10-16 16:38:23,705 models Recipe difficulty for Ricey Greens: Hard
INFO 2023-10-16 16:38:23,706 models Recipe difficulty for Chicken Bowl: Intermediate
INFO 2023-10-16 16:38:23,706 models Recipe difficulty for Breakfast Sandwich: Intermediate
INFO 2023-10-16 16:38:23,706 models Recipe difficulty for Eggs: Intermediate
INFO 2023-10-16 16:38:23,707 models Recipe difficulty for Fruit Cookies: Intermediate
INFO 2023-10-16 16:38:23,707 models Recipe difficulty for Buttered Salmon: Hard
INFO 2023-10-16 16:38:23,707 models Recipe difficulty for Octopus: Intermediate
INFO 2023-10-16 16:38:23,708 models Recipe difficulty for Cherry Pancakes: Intermediate
INFO 2023-10-16 16:38:23,708 models Recipe difficulty for Garlic Noodles: Hard
INFO 2023-10-16 16:38:23,709 models Recipe difficulty for Chicken Fried Rice: Hard
INFO 2023-10-16 16:38:23,710 models Recipe difficulty for Brownies: Hard
INFO 2023-10-16 16:38:23,710 models Recipe difficulty for Strawberry Cake: Hard
INFO 2023-10-16 16:38:25,232 models Recipe difficulty for Ricey Greens: Hard
INFO 2023-10-16 16:38:25,235 models Recipe difficulty for Ricey Greens: Hard
INFO 2023-10-16 16:39:24,577 models Recipe difficulty for Intermediate Recipe: Intermediate
INFO 2023-10-16 16:39:24,577 models Recipe difficulty for Hard Recipe: Hard
INFO 2023-10-16 16:41:35,666 models Recipe difficulty for Intermediate Recipe: Intermediate
INFO 2023-10-16 16:41:35,666 models Recipe difficulty for Hard Recipe: Hard
INFO 2023-10-16 16:44:30,996 models Recipe difficulty for Intermediate Recipe: Intermediate
INFO 2023-10-16 16:44:30,997 models Recipe difficulty for Hard Recipe: Hard
INFO 2023-10-16 16:45:11,906 models Recipe difficulty for Intermediate Recipe: Intermediate
INFO 2023-10-16 16:45:11,906 models Recipe difficulty for Hard Recipe: Hard
INFO 2023-10-16 16:46:14,590 models Recipe difficulty for Intermediate Recipe: Intermediate
INFO 2023-10-16 16:46:14,590 models Recipe difficulty for Hard Recipe: Hard
INFO 2023-10-16 16:51:19,880 models Recipe difficulty for Intermediate Recipe: Intermediate
INFO 2023-10-16 16:51:19,880 models Recipe difficulty for Hard Recipe: Hard
INFO 2023-10-16 16:53:09,555 models Recipe difficulty for Intermediate Recipe: Intermediate
INFO 2023-10-16 16:53:09,555 models Recipe difficulty for Hard Recipe: Hard
INFO 2023-10-16 16:53:33,488 models Recipe difficulty for Intermediate Recipe: Intermediate
INFO 2023-10-16 16:53:33,488 models Recipe difficulty for Hard Recipe: Hard
INFO 2023-10-16 16:53:33,497 models Recipe difficulty for Test Recipe: Intermediate
INFO 2023-10-16 16:53:33,497 models Recipe difficulty for Test Recipe: Intermediate
INFO 2023-10-16 16:56:53,165 models Recipe difficulty for Intermediate Recipe: Intermediate
INFO 2023-10-16 16:56:53,166 models Recipe difficulty for Hard Recipe: Hard
INFO 2023-10-16 16:56:53,753 models Recipe difficulty for Test Recipe: Intermediate
INFO 2023-10-16 16:56:53,753 models Recipe difficulty for Test Recipe: Intermediate
INFO 2023-10-16 16:57:19,894 models Recipe difficulty for Intermediate Recipe: Intermediate
INFO 2023-10-16 16:57:19,894 models Recipe difficulty for Hard Recipe: Hard
INFO 2023-10-16 16:57:20,476 models Recipe difficulty for Test Recipe: Intermediate
INFO 2023-10-16 16:57:20,476 models Recipe difficulty for Test Recipe: Intermediate
INFO 2023-10-16 16:57:21,062 models Recipe difficulty for Test Recipe: Intermediate
INFO 2023-10-16 16:57:21,071 models Recipe difficulty for Test Recipe: Intermediate
INFO 2023-10-16 16:59:41,348 models Recipe difficulty for Intermediate Recipe: Intermediate
INFO 2023-10-16 16:59:41,348 models Recipe difficulty for Hard Recipe: Hard
INFO 2023-10-16 16:59:41,917 models Recipe difficulty for Test Recipe: Intermediate
INFO 2023-10-16 16:59:41,917 models Recipe difficulty for Test Recipe: Intermediate
INFO 2023-10-16 16:59:42,502 models Recipe difficulty for Test Recipe: Intermediate
INFO 2023-10-16 16:59:42,505 models Recipe difficulty for Test Recipe: Intermediate
INFO 2023-10-17 11:34:13,054 models Recipe difficulty for Intermediate Recipe: Intermediate
INFO 2023-10-17 11:34:13,054 models Recipe difficulty for Hard Recipe: Hard
INFO 2023-10-17 11:34:13,629 models Recipe difficulty for Test Recipe: Intermediate
INFO 2023-10-17 11:34:13,629 models Recipe difficulty for Test Recipe: Intermediate
INFO 2023-10-17 11:34:14,205 models Recipe difficulty for Test Recipe: Intermediate
INFO 2023-10-17 11:34:14,212 models Recipe difficulty for Test Recipe: Intermediate
INFO 2023-10-17 11:34:23,605 autoreload Watching for file changes with StatReloader
INFO 2023-10-17 11:41:20,296 autoreload C:\code\projects\A2_Recipe_App\src\recipes\models.py changed, reloading.
INFO 2023-10-17 11:41:20,929 autoreload Watching for file changes with StatReloader
INFO 2023-10-17 11:41:22,183 autoreload C:\code\projects\A2_Recipe_App\src\recipes\urls.py changed, reloading.
INFO 2023-10-17 11:41:22,866 autoreload Watching for file changes with StatReloader
INFO 2023-10-17 11:44:02,203 autoreload Watching for file changes with StatReloader
INFO 2023-10-17 11:55:38,752 autoreload Watching for file changes with StatReloader
INFO 2023-10-17 11:56:42,685 autoreload Watching for file changes with StatReloader
INFO 2023-10-17 11:57:51,550 autoreload C:\code\projects\A2_Recipe_App\src\recipe_project\views.py changed, reloading.
INFO 2023-10-17 11:57:52,218 autoreload Watching for file changes with StatReloader
INFO 2023-10-17 11:58:04,872 autoreload C:\code\projects\A2_Recipe_App\src\recipe_project\urls.py changed, reloading.
INFO 2023-10-17 11:58:05,493 autoreload Watching for file changes with StatReloader
INFO 2023-10-17 12:16:51,018 autoreload Watching for file changes with StatReloader
WARNING 2023-10-17 12:20:44,218 log Not Found: /{% url "signup" %}
INFO 2023-10-17 13:13:26,399 autoreload C:\code\projects\A2_Recipe_App\src\recipe_project\views.py changed, reloading.
INFO 2023-10-17 13:13:27,019 autoreload Watching for file changes with StatReloader
INFO 2023-10-17 13:13:30,326 autoreload C:\code\projects\A2_Recipe_App\src\recipe_project\views.py changed, reloading.
INFO 2023-10-17 13:13:30,956 autoreload Watching for file changes with StatReloader
INFO 2023-10-17 13:15:13,558 autoreload C:\code\projects\A2_Recipe_App\src\recipe_project\views.py changed, reloading.
INFO 2023-10-17 13:15:14,182 autoreload Watching for file changes with StatReloader
INFO 2023-10-17 13:15:36,119 autoreload C:\code\projects\A2_Recipe_App\src\recipe_project\forms.py changed, reloading.
INFO 2023-10-17 13:15:36,726 autoreload Watching for file changes with StatReloader
WARNING 2023-10-17 13:16:11,696 log Forbidden (CSRF cookie not set.): /signup/
INFO 2023-10-17 13:18:10,484 autoreload C:\code\projects\A2_Recipe_App\src\recipe_project\forms.py changed, reloading.
INFO 2023-10-17 13:18:11,125 autoreload Watching for file changes with StatReloader
INFO 2023-10-17 13:18:25,842 autoreload C:\code\projects\A2_Recipe_App\src\recipe_project\forms.py changed, reloading.
INFO 2023-10-17 13:18:26,495 autoreload Watching for file changes with StatReloader
INFO 2023-10-17 13:18:54,675 autoreload C:\code\projects\A2_Recipe_App\src\recipe_project\forms.py changed, reloading.
INFO 2023-10-17 13:18:55,349 autoreload Watching for file changes with StatReloader
INFO 2023-10-17 13:19:10,093 autoreload C:\code\projects\A2_Recipe_App\src\recipe_project\forms.py changed, reloading.
INFO 2023-10-17 13:19:10,716 autoreload Watching for file changes with StatReloader
INFO 2023-10-17 13:19:36,829 autoreload C:\code\projects\A2_Recipe_App\src\recipe_project\forms.py changed, reloading.
INFO 2023-10-17 13:19:37,495 autoreload Watching for file changes with StatReloader
INFO 2023-10-17 13:20:18,090 autoreload C:\code\projects\A2_Recipe_App\src\recipe_project\views.py changed, reloading.
INFO 2023-10-17 13:20:18,728 autoreload Watching for file changes with StatReloader
INFO 2023-10-17 13:21:39,713 autoreload C:\code\projects\A2_Recipe_App\src\recipe_project\forms.py changed, reloading.
INFO 2023-10-17 13:21:40,356 autoreload Watching for file changes with StatReloader
INFO 2023-10-17 13:22:42,675 autoreload C:\code\projects\A2_Recipe_App\src\recipe_project\forms.py changed, reloading.
INFO 2023-10-17 13:22:43,287 autoreload Watching for file changes with StatReloader
INFO 2023-10-17 13:22:55,935 autoreload C:\code\projects\A2_Recipe_App\src\recipe_project\views.py changed, reloading.
INFO 2023-10-17 13:22:56,598 autoreload Watching for file changes with StatReloader
INFO 2023-10-17 13:22:57,854 autoreload C:\code\projects\A2_Recipe_App\src\recipe_project\views.py changed, reloading.
INFO 2023-10-17 13:22:58,502 autoreload Watching for file changes with StatReloader
INFO 2023-10-17 13:25:57,721 autoreload C:\code\projects\A2_Recipe_App\src\recipe_project\views.py changed, reloading.
INFO 2023-10-17 13:25:58,332 autoreload Watching for file changes with StatReloader
INFO 2023-10-17 13:26:39,796 autoreload Watching for file changes with StatReloader
ERROR 2023-10-17 13:26:50,029 log Internal Server Error: /signup/
Traceback (most recent call last):
  File "C:\code\virtualenvs\a2-ve-recipeapp\lib\site-packages\django\template\base.py", line 505, in parse
    compile_func = self.tags[command]
KeyError: 'endif'

During handling of the above exception, another exception occurred:

Traceback (most recent call last):
  File "C:\code\virtualenvs\a2-ve-recipeapp\lib\site-packages\django\core\handlers\exception.py", line 55, in inner
    response = get_response(request)
  File "C:\code\virtualenvs\a2-ve-recipeapp\lib\site-packages\django\core\handlers\base.py", line 197, in _get_response
    response = wrapped_callback(request, *callback_args, **callback_kwargs)
  File "C:\code\projects\A2_Recipe_App\src\recipe_project\views.py", line 58, in signup
    return render(request, "auth/signup.html", context)
  File "C:\code\virtualenvs\a2-ve-recipeapp\lib\site-packages\django\shortcuts.py", line 24, in render
    content = loader.render_to_string(template_name, context, request, using=using)
  File "C:\code\virtualenvs\a2-ve-recipeapp\lib\site-packages\django\template\loader.py", line 61, in render_to_string
    template = get_template(template_name, using=using)
  File "C:\code\virtualenvs\a2-ve-recipeapp\lib\site-packages\django\template\loader.py", line 15, in get_template
    return engine.get_template(template_name)
  File "C:\code\virtualenvs\a2-ve-recipeapp\lib\site-packages\django\template\backends\django.py", line 33, in get_template
    return Template(self.engine.get_template(template_name), self)
  File "C:\code\virtualenvs\a2-ve-recipeapp\lib\site-packages\django\template\engine.py", line 175, in get_template
    template, origin = self.find_template(template_name)
  File "C:\code\virtualenvs\a2-ve-recipeapp\lib\site-packages\django\template\engine.py", line 157, in find_template
    template = loader.get_template(name, skip=skip)
  File "C:\code\virtualenvs\a2-ve-recipeapp\lib\site-packages\django\template\loaders\cached.py", line 57, in get_template
    template = super().get_template(template_name, skip)
  File "C:\code\virtualenvs\a2-ve-recipeapp\lib\site-packages\django\template\loaders\base.py", line 28, in get_template
    return Template(
  File "C:\code\virtualenvs\a2-ve-recipeapp\lib\site-packages\django\template\base.py", line 154, in __init__
    self.nodelist = self.compile_nodelist()
  File "C:\code\virtualenvs\a2-ve-recipeapp\lib\site-packages\django\template\base.py", line 200, in compile_nodelist
    return parser.parse()
  File "C:\code\virtualenvs\a2-ve-recipeapp\lib\site-packages\django\template\base.py", line 507, in parse
    self.invalid_block_tag(token, command, parse_until)
  File "C:\code\virtualenvs\a2-ve-recipeapp\lib\site-packages\django\template\base.py", line 568, in invalid_block_tag
    raise self.error(
django.template.exceptions.TemplateSyntaxError: Invalid block tag on line 37: 'endif'. Did you forget to register or load this tag?
ERROR 2023-10-17 13:30:24,195 log Internal Server Error: /signup/
Traceback (most recent call last):
  File "C:\code\virtualenvs\a2-ve-recipeapp\lib\site-packages\django\template\base.py", line 505, in parse
    compile_func = self.tags[command]
KeyError: 'endif'

During handling of the above exception, another exception occurred:

Traceback (most recent call last):
  File "C:\code\virtualenvs\a2-ve-recipeapp\lib\site-packages\django\core\handlers\exception.py", line 55, in inner
    response = get_response(request)
  File "C:\code\virtualenvs\a2-ve-recipeapp\lib\site-packages\django\core\handlers\base.py", line 197, in _get_response
    response = wrapped_callback(request, *callback_args, **callback_kwargs)
  File "C:\code\projects\A2_Recipe_App\src\recipe_project\views.py", line 58, in signup
    return render(request, "auth/signup.html", context)
  File "C:\code\virtualenvs\a2-ve-recipeapp\lib\site-packages\django\shortcuts.py", line 24, in render
    content = loader.render_to_string(template_name, context, request, using=using)
  File "C:\code\virtualenvs\a2-ve-recipeapp\lib\site-packages\django\template\loader.py", line 61, in render_to_string
    template = get_template(template_name, using=using)
  File "C:\code\virtualenvs\a2-ve-recipeapp\lib\site-packages\django\template\loader.py", line 15, in get_template
    return engine.get_template(template_name)
  File "C:\code\virtualenvs\a2-ve-recipeapp\lib\site-packages\django\template\backends\django.py", line 33, in get_template
    return Template(self.engine.get_template(template_name), self)
  File "C:\code\virtualenvs\a2-ve-recipeapp\lib\site-packages\django\template\engine.py", line 175, in get_template
    template, origin = self.find_template(template_name)
  File "C:\code\virtualenvs\a2-ve-recipeapp\lib\site-packages\django\template\engine.py", line 157, in find_template
    template = loader.get_template(name, skip=skip)
  File "C:\code\virtualenvs\a2-ve-recipeapp\lib\site-packages\django\template\loaders\cached.py", line 57, in get_template
    template = super().get_template(template_name, skip)
  File "C:\code\virtualenvs\a2-ve-recipeapp\lib\site-packages\django\template\loaders\base.py", line 28, in get_template
    return Template(
  File "C:\code\virtualenvs\a2-ve-recipeapp\lib\site-packages\django\template\base.py", line 154, in __init__
    self.nodelist = self.compile_nodelist()
  File "C:\code\virtualenvs\a2-ve-recipeapp\lib\site-packages\django\template\base.py", line 200, in compile_nodelist
    return parser.parse()
  File "C:\code\virtualenvs\a2-ve-recipeapp\lib\site-packages\django\template\base.py", line 507, in parse
    self.invalid_block_tag(token, command, parse_until)
  File "C:\code\virtualenvs\a2-ve-recipeapp\lib\site-packages\django\template\base.py", line 568, in invalid_block_tag
    raise self.error(
django.template.exceptions.TemplateSyntaxError: Invalid block tag on line 37: 'endif'. Did you forget to register or load this tag?
ERROR 2023-10-17 13:33:09,781 log Internal Server Error: /signup/
Traceback (most recent call last):
  File "C:\code\virtualenvs\a2-ve-recipeapp\lib\site-packages\django\template\base.py", line 505, in parse
    compile_func = self.tags[command]
KeyError: 'endif'

During handling of the above exception, another exception occurred:

Traceback (most recent call last):
  File "C:\code\virtualenvs\a2-ve-recipeapp\lib\site-packages\django\core\handlers\exception.py", line 55, in inner
    response = get_response(request)
  File "C:\code\virtualenvs\a2-ve-recipeapp\lib\site-packages\django\core\handlers\base.py", line 197, in _get_response
    response = wrapped_callback(request, *callback_args, **callback_kwargs)
  File "C:\code\projects\A2_Recipe_App\src\recipe_project\views.py", line 58, in signup
    return render(request, "auth/signup.html", context)
  File "C:\code\virtualenvs\a2-ve-recipeapp\lib\site-packages\django\shortcuts.py", line 24, in render
    content = loader.render_to_string(template_name, context, request, using=using)
  File "C:\code\virtualenvs\a2-ve-recipeapp\lib\site-packages\django\template\loader.py", line 61, in render_to_string
    template = get_template(template_name, using=using)
  File "C:\code\virtualenvs\a2-ve-recipeapp\lib\site-packages\django\template\loader.py", line 15, in get_template
    return engine.get_template(template_name)
  File "C:\code\virtualenvs\a2-ve-recipeapp\lib\site-packages\django\template\backends\django.py", line 33, in get_template
    return Template(self.engine.get_template(template_name), self)
  File "C:\code\virtualenvs\a2-ve-recipeapp\lib\site-packages\django\template\engine.py", line 175, in get_template
    template, origin = self.find_template(template_name)
  File "C:\code\virtualenvs\a2-ve-recipeapp\lib\site-packages\django\template\engine.py", line 157, in find_template
    template = loader.get_template(name, skip=skip)
  File "C:\code\virtualenvs\a2-ve-recipeapp\lib\site-packages\django\template\loaders\cached.py", line 57, in get_template
    template = super().get_template(template_name, skip)
  File "C:\code\virtualenvs\a2-ve-recipeapp\lib\site-packages\django\template\loaders\base.py", line 28, in get_template
    return Template(
  File "C:\code\virtualenvs\a2-ve-recipeapp\lib\site-packages\django\template\base.py", line 154, in __init__
    self.nodelist = self.compile_nodelist()
  File "C:\code\virtualenvs\a2-ve-recipeapp\lib\site-packages\django\template\base.py", line 200, in compile_nodelist
    return parser.parse()
  File "C:\code\virtualenvs\a2-ve-recipeapp\lib\site-packages\django\template\base.py", line 507, in parse
    self.invalid_block_tag(token, command, parse_until)
  File "C:\code\virtualenvs\a2-ve-recipeapp\lib\site-packages\django\template\base.py", line 568, in invalid_block_tag
    raise self.error(
django.template.exceptions.TemplateSyntaxError: Invalid block tag on line 37: 'endif'. Did you forget to register or load this tag?
ERROR 2023-10-17 13:33:27,458 log Internal Server Error: /signup/
Traceback (most recent call last):
  File "C:\code\virtualenvs\a2-ve-recipeapp\lib\site-packages\django\template\base.py", line 505, in parse
    compile_func = self.tags[command]
KeyError: 'endif'

During handling of the above exception, another exception occurred:

Traceback (most recent call last):
  File "C:\code\virtualenvs\a2-ve-recipeapp\lib\site-packages\django\core\handlers\exception.py", line 55, in inner
    response = get_response(request)
  File "C:\code\virtualenvs\a2-ve-recipeapp\lib\site-packages\django\core\handlers\base.py", line 197, in _get_response
    response = wrapped_callback(request, *callback_args, **callback_kwargs)
  File "C:\code\projects\A2_Recipe_App\src\recipe_project\views.py", line 58, in signup
    return render(request, "auth/signup.html", context)
  File "C:\code\virtualenvs\a2-ve-recipeapp\lib\site-packages\django\shortcuts.py", line 24, in render
    content = loader.render_to_string(template_name, context, request, using=using)
  File "C:\code\virtualenvs\a2-ve-recipeapp\lib\site-packages\django\template\loader.py", line 61, in render_to_string
    template = get_template(template_name, using=using)
  File "C:\code\virtualenvs\a2-ve-recipeapp\lib\site-packages\django\template\loader.py", line 15, in get_template
    return engine.get_template(template_name)
  File "C:\code\virtualenvs\a2-ve-recipeapp\lib\site-packages\django\template\backends\django.py", line 33, in get_template
    return Template(self.engine.get_template(template_name), self)
  File "C:\code\virtualenvs\a2-ve-recipeapp\lib\site-packages\django\template\engine.py", line 175, in get_template
    template, origin = self.find_template(template_name)
  File "C:\code\virtualenvs\a2-ve-recipeapp\lib\site-packages\django\template\engine.py", line 157, in find_template
    template = loader.get_template(name, skip=skip)
  File "C:\code\virtualenvs\a2-ve-recipeapp\lib\site-packages\django\template\loaders\cached.py", line 57, in get_template
    template = super().get_template(template_name, skip)
  File "C:\code\virtualenvs\a2-ve-recipeapp\lib\site-packages\django\template\loaders\base.py", line 28, in get_template
    return Template(
  File "C:\code\virtualenvs\a2-ve-recipeapp\lib\site-packages\django\template\base.py", line 154, in __init__
    self.nodelist = self.compile_nodelist()
  File "C:\code\virtualenvs\a2-ve-recipeapp\lib\site-packages\django\template\base.py", line 200, in compile_nodelist
    return parser.parse()
  File "C:\code\virtualenvs\a2-ve-recipeapp\lib\site-packages\django\template\base.py", line 507, in parse
    self.invalid_block_tag(token, command, parse_until)
  File "C:\code\virtualenvs\a2-ve-recipeapp\lib\site-packages\django\template\base.py", line 568, in invalid_block_tag
    raise self.error(
django.template.exceptions.TemplateSyntaxError: Invalid block tag on line 37: 'endif'. Did you forget to register or load this tag?
INFO 2023-10-17 13:36:25,137 autoreload Watching for file changes with StatReloader
ERROR 2023-10-17 13:36:31,603 log Internal Server Error: /signup/
Traceback (most recent call last):
  File "C:\code\virtualenvs\a2-ve-recipeapp\lib\site-packages\django\template\base.py", line 505, in parse
    compile_func = self.tags[command]
KeyError: 'endif'

During handling of the above exception, another exception occurred:

Traceback (most recent call last):
  File "C:\code\virtualenvs\a2-ve-recipeapp\lib\site-packages\django\core\handlers\exception.py", line 55, in inner
    response = get_response(request)
  File "C:\code\virtualenvs\a2-ve-recipeapp\lib\site-packages\django\core\handlers\base.py", line 197, in _get_response
    response = wrapped_callback(request, *callback_args, **callback_kwargs)
  File "C:\code\projects\A2_Recipe_App\src\recipe_project\views.py", line 58, in signup
    return render(request, "auth/signup.html", context)
  File "C:\code\virtualenvs\a2-ve-recipeapp\lib\site-packages\django\shortcuts.py", line 24, in render
    content = loader.render_to_string(template_name, context, request, using=using)
  File "C:\code\virtualenvs\a2-ve-recipeapp\lib\site-packages\django\template\loader.py", line 61, in render_to_string
    template = get_template(template_name, using=using)
  File "C:\code\virtualenvs\a2-ve-recipeapp\lib\site-packages\django\template\loader.py", line 15, in get_template
    return engine.get_template(template_name)
  File "C:\code\virtualenvs\a2-ve-recipeapp\lib\site-packages\django\template\backends\django.py", line 33, in get_template
    return Template(self.engine.get_template(template_name), self)
  File "C:\code\virtualenvs\a2-ve-recipeapp\lib\site-packages\django\template\engine.py", line 175, in get_template
    template, origin = self.find_template(template_name)
  File "C:\code\virtualenvs\a2-ve-recipeapp\lib\site-packages\django\template\engine.py", line 157, in find_template
    template = loader.get_template(name, skip=skip)
  File "C:\code\virtualenvs\a2-ve-recipeapp\lib\site-packages\django\template\loaders\cached.py", line 57, in get_template
    template = super().get_template(template_name, skip)
  File "C:\code\virtualenvs\a2-ve-recipeapp\lib\site-packages\django\template\loaders\base.py", line 28, in get_template
    return Template(
  File "C:\code\virtualenvs\a2-ve-recipeapp\lib\site-packages\django\template\base.py", line 154, in __init__
    self.nodelist = self.compile_nodelist()
  File "C:\code\virtualenvs\a2-ve-recipeapp\lib\site-packages\django\template\base.py", line 200, in compile_nodelist
    return parser.parse()
  File "C:\code\virtualenvs\a2-ve-recipeapp\lib\site-packages\django\template\base.py", line 507, in parse
    self.invalid_block_tag(token, command, parse_until)
  File "C:\code\virtualenvs\a2-ve-recipeapp\lib\site-packages\django\template\base.py", line 568, in invalid_block_tag
    raise self.error(
django.template.exceptions.TemplateSyntaxError: Invalid block tag on line 37: 'endif'. Did you forget to register or load this tag?
ERROR 2023-10-17 13:38:43,434 log Internal Server Error: /signup/
Traceback (most recent call last):
  File "C:\code\virtualenvs\a2-ve-recipeapp\lib\site-packages\django\template\base.py", line 505, in parse
    compile_func = self.tags[command]
KeyError: 'endif'

During handling of the above exception, another exception occurred:

Traceback (most recent call last):
  File "C:\code\virtualenvs\a2-ve-recipeapp\lib\site-packages\django\core\handlers\exception.py", line 55, in inner
    response = get_response(request)
  File "C:\code\virtualenvs\a2-ve-recipeapp\lib\site-packages\django\core\handlers\base.py", line 197, in _get_response
    response = wrapped_callback(request, *callback_args, **callback_kwargs)
  File "C:\code\projects\A2_Recipe_App\src\recipe_project\views.py", line 58, in signup
    return render(request, "auth/signup.html", context)
  File "C:\code\virtualenvs\a2-ve-recipeapp\lib\site-packages\django\shortcuts.py", line 24, in render
    content = loader.render_to_string(template_name, context, request, using=using)
  File "C:\code\virtualenvs\a2-ve-recipeapp\lib\site-packages\django\template\loader.py", line 61, in render_to_string
    template = get_template(template_name, using=using)
  File "C:\code\virtualenvs\a2-ve-recipeapp\lib\site-packages\django\template\loader.py", line 15, in get_template
    return engine.get_template(template_name)
  File "C:\code\virtualenvs\a2-ve-recipeapp\lib\site-packages\django\template\backends\django.py", line 33, in get_template
    return Template(self.engine.get_template(template_name), self)
  File "C:\code\virtualenvs\a2-ve-recipeapp\lib\site-packages\django\template\engine.py", line 175, in get_template
    template, origin = self.find_template(template_name)
  File "C:\code\virtualenvs\a2-ve-recipeapp\lib\site-packages\django\template\engine.py", line 157, in find_template
    template = loader.get_template(name, skip=skip)
  File "C:\code\virtualenvs\a2-ve-recipeapp\lib\site-packages\django\template\loaders\cached.py", line 57, in get_template
    template = super().get_template(template_name, skip)
  File "C:\code\virtualenvs\a2-ve-recipeapp\lib\site-packages\django\template\loaders\base.py", line 28, in get_template
    return Template(
  File "C:\code\virtualenvs\a2-ve-recipeapp\lib\site-packages\django\template\base.py", line 154, in __init__
    self.nodelist = self.compile_nodelist()
  File "C:\code\virtualenvs\a2-ve-recipeapp\lib\site-packages\django\template\base.py", line 200, in compile_nodelist
    return parser.parse()
  File "C:\code\virtualenvs\a2-ve-recipeapp\lib\site-packages\django\template\base.py", line 507, in parse
    self.invalid_block_tag(token, command, parse_until)
  File "C:\code\virtualenvs\a2-ve-recipeapp\lib\site-packages\django\template\base.py", line 568, in invalid_block_tag
    raise self.error(
django.template.exceptions.TemplateSyntaxError: Invalid block tag on line 37: 'endif'. Did you forget to register or load this tag?
INFO 2023-10-17 13:42:05,503 autoreload Watching for file changes with StatReloader
ERROR 2023-10-17 13:43:53,025 log Internal Server Error: /signup/
Traceback (most recent call last):
  File "C:\code\virtualenvs\a2-ve-recipeapp\lib\site-packages\django\template\base.py", line 505, in parse
    compile_func = self.tags[command]
KeyError: 'endif'

During handling of the above exception, another exception occurred:

Traceback (most recent call last):
  File "C:\code\virtualenvs\a2-ve-recipeapp\lib\site-packages\django\core\handlers\exception.py", line 55, in inner
    response = get_response(request)
  File "C:\code\virtualenvs\a2-ve-recipeapp\lib\site-packages\django\core\handlers\base.py", line 197, in _get_response
    response = wrapped_callback(request, *callback_args, **callback_kwargs)
  File "C:\code\projects\A2_Recipe_App\src\recipe_project\views.py", line 58, in signup
    return render(request, "auth/signup.html", context)
  File "C:\code\virtualenvs\a2-ve-recipeapp\lib\site-packages\django\shortcuts.py", line 24, in render
    content = loader.render_to_string(template_name, context, request, using=using)
  File "C:\code\virtualenvs\a2-ve-recipeapp\lib\site-packages\django\template\loader.py", line 61, in render_to_string
    template = get_template(template_name, using=using)
  File "C:\code\virtualenvs\a2-ve-recipeapp\lib\site-packages\django\template\loader.py", line 15, in get_template
    return engine.get_template(template_name)
  File "C:\code\virtualenvs\a2-ve-recipeapp\lib\site-packages\django\template\backends\django.py", line 33, in get_template
    return Template(self.engine.get_template(template_name), self)
  File "C:\code\virtualenvs\a2-ve-recipeapp\lib\site-packages\django\template\engine.py", line 175, in get_template
    template, origin = self.find_template(template_name)
  File "C:\code\virtualenvs\a2-ve-recipeapp\lib\site-packages\django\template\engine.py", line 157, in find_template
    template = loader.get_template(name, skip=skip)
  File "C:\code\virtualenvs\a2-ve-recipeapp\lib\site-packages\django\template\loaders\cached.py", line 57, in get_template
    template = super().get_template(template_name, skip)
  File "C:\code\virtualenvs\a2-ve-recipeapp\lib\site-packages\django\template\loaders\base.py", line 28, in get_template
    return Template(
  File "C:\code\virtualenvs\a2-ve-recipeapp\lib\site-packages\django\template\base.py", line 154, in __init__
    self.nodelist = self.compile_nodelist()
  File "C:\code\virtualenvs\a2-ve-recipeapp\lib\site-packages\django\template\base.py", line 200, in compile_nodelist
    return parser.parse()
  File "C:\code\virtualenvs\a2-ve-recipeapp\lib\site-packages\django\template\base.py", line 507, in parse
    self.invalid_block_tag(token, command, parse_until)
  File "C:\code\virtualenvs\a2-ve-recipeapp\lib\site-packages\django\template\base.py", line 568, in invalid_block_tag
    raise self.error(
django.template.exceptions.TemplateSyntaxError: Invalid block tag on line 37: 'endif'. Did you forget to register or load this tag?
INFO 2023-10-17 13:45:21,571 autoreload Watching for file changes with StatReloader
